--------------------
./configure --prefix=/home/duanhuanyu/project/zz/shared_cabinet/android-tools-4.2.2/zlib-1.2.11/../libz --static
2025年 06月 06日 星期五 15:08:15 CST
=== ztest18137.c ===
extern int getchar();
int hello() {return getchar();}
===
aarch64-linux-gnu-gcc -c ztest18137.c
... using gcc

Checking for obsessive-compulsive compiler options...
=== ztest18137.c ===
int foo() { return 0; }
===
aarch64-linux-gnu-gcc -c -O3 ztest18137.c

Building static library libz.a version 1.2.11 with aarch64-linux-gnu-gcc.

=== ztest18137.c ===
#include <stdio.h>
#include <stdlib.h>
size_t dummy = 0;
===
aarch64-linux-gnu-gcc -c -O3 ztest18137.c
Checking for size_t... Yes.


=== ztest18137.c ===
#include <sys/types.h>
off64_t dummy = 0;
===
aarch64-linux-gnu-gcc -c -O3 -D_LARGEFILE64_SOURCE=1 ztest18137.c
Checking for off64_t... Yes.
Checking for fseeko... Yes.

=== ztest18137.c ===
#include <string.h>
#include <errno.h>
int main() { return strlen(strerror(errno)); }
===
aarch64-linux-gnu-gcc -O3 -D_LARGEFILE64_SOURCE=1 -o ztest18137 ztest18137.c
Checking for strerror... Yes.

=== ztest18137.c ===
#include <unistd.h>
int main() { return 0; }
===
aarch64-linux-gnu-gcc -c -O3 -D_LARGEFILE64_SOURCE=1 ztest18137.c
Checking for unistd.h... Yes.

=== ztest18137.c ===
#include <stdarg.h>
int main() { return 0; }
===
aarch64-linux-gnu-gcc -c -O3 -D_LARGEFILE64_SOURCE=1 ztest18137.c
Checking for stdarg.h... Yes.

=== ztest18137.c ===
#include <stdio.h>
#include <stdarg.h>
#include "zconf.h"
int main()
{
#ifndef STDC
  choke me
#endif
  return 0;
}
===
aarch64-linux-gnu-gcc -c -O3 -D_LARGEFILE64_SOURCE=1 ztest18137.c
Checking whether to use vs[n]printf() or s[n]printf()... using vs[n]printf().

=== ztest18137.c ===
#include <stdio.h>
#include <stdarg.h>
int mytest(const char *fmt, ...)
{
  char buf[20];
  va_list ap;
  va_start(ap, fmt);
  vsnprintf(buf, sizeof(buf), fmt, ap);
  va_end(ap);
  return 0;
}
int main()
{
  return (mytest("Hello%d\n", 1));
}
===
aarch64-linux-gnu-gcc -O3 -D_LARGEFILE64_SOURCE=1 -o ztest18137 ztest18137.c
Checking for vsnprintf() in stdio.h... Yes.

=== ztest18137.c ===
#include <stdio.h>
#include <stdarg.h>
int mytest(const char *fmt, ...)
{
  int n;
  char buf[20];
  va_list ap;
  va_start(ap, fmt);
  n = vsnprintf(buf, sizeof(buf), fmt, ap);
  va_end(ap);
  return n;
}
int main()
{
  return (mytest("Hello%d\n", 1));
}
===
aarch64-linux-gnu-gcc -c -O3 -D_LARGEFILE64_SOURCE=1 ztest18137.c
Checking for return value of vsnprintf()... Yes.

=== ztest18137.c ===
#define ZLIB_INTERNAL __attribute__((visibility ("hidden")))
int ZLIB_INTERNAL foo;
int main()
{
  return 0;
}
===
aarch64-linux-gnu-gcc -c -O3 -D_LARGEFILE64_SOURCE=1 ztest18137.c
Checking for attribute(visibility) support... Yes.

ALL = static all64
AR = aarch64-linux-gnu-ar
ARFLAGS = rc
CC = aarch64-linux-gnu-gcc
CFLAGS = -O3 -D_LARGEFILE64_SOURCE=1 -DHAVE_HIDDEN
CPP = aarch64-linux-gnu-gcc -E
EXE =
LDCONFIG = ldconfig
LDFLAGS =
LDSHARED = aarch64-linux-gnu-gcc
LDSHAREDLIBC = -lc
OBJC = $(OBJZ) $(OBJG)
PIC_OBJC = $(PIC_OBJZ) $(PIC_OBJG)
RANLIB = ranlib
SFLAGS = -O3 -fPIC -D_LARGEFILE64_SOURCE=1 -DHAVE_HIDDEN
SHAREDLIB =
SHAREDLIBM =
SHAREDLIBV =
STATICLIB = libz.a
TEST = all teststatic test64
VER = 1.2.11
Z_U4 =
SRCDIR =
exec_prefix = ${prefix}
includedir = ${prefix}/include
libdir = ${exec_prefix}/lib
mandir = ${prefix}/share/man
prefix = /home/duanhuanyu/project/zz/shared_cabinet/android-tools-4.2.2/zlib-1.2.11/../libz
sharedlibdir = ${libdir}
uname = Linux
--------------------


--------------------
./configure --prefix=/home/duanhuanyu/project/zz/shared_cabinet/android-tools-4.2.2/zlib-1.2.11/../libz --static os/compiler:aarch64-linux-musl-gcc
2025年 06月 10日 星期二 10:44:22 CST
unknown option: os/compiler:aarch64-linux-musl-gcc
./configure --help for help
** ./configure aborting.
--------------------


--------------------
./configure
2025年 06月 10日 星期二 10:44:36 CST
Checking for gcc...
=== ztest3986.c ===
extern int getchar();
int hello() {return getchar();}
===
gcc -c ztest3986.c
... using gcc

Checking for obsessive-compulsive compiler options...
=== ztest3986.c ===
int foo() { return 0; }
===
gcc -c -O3 ztest3986.c

Checking for shared library support...
=== ztest3986.c ===
extern int getchar();
int hello() {return getchar();}
===
gcc -w -c -O3 -fPIC ztest3986.c
gcc -shared -Wl,-soname,libz.so.1,--version-script,zlib.map -O3 -fPIC -o ztest3986.so ztest3986.o
Building shared library libz.so.1.2.11 with gcc.

=== ztest3986.c ===
#include <stdio.h>
#include <stdlib.h>
size_t dummy = 0;
===
gcc -c -O3 ztest3986.c
Checking for size_t... Yes.


=== ztest3986.c ===
#include <sys/types.h>
off64_t dummy = 0;
===
gcc -c -O3 -D_LARGEFILE64_SOURCE=1 ztest3986.c
Checking for off64_t... Yes.
Checking for fseeko... Yes.

=== ztest3986.c ===
#include <string.h>
#include <errno.h>
int main() { return strlen(strerror(errno)); }
===
gcc -O3 -D_LARGEFILE64_SOURCE=1 -o ztest3986 ztest3986.c
Checking for strerror... Yes.

=== ztest3986.c ===
#include <unistd.h>
int main() { return 0; }
===
gcc -c -O3 -D_LARGEFILE64_SOURCE=1 ztest3986.c
Checking for unistd.h... Yes.

=== ztest3986.c ===
#include <stdarg.h>
int main() { return 0; }
===
gcc -c -O3 -D_LARGEFILE64_SOURCE=1 ztest3986.c
Checking for stdarg.h... Yes.

=== ztest3986.c ===
#include <stdio.h>
#include <stdarg.h>
#include "zconf.h"
int main()
{
#ifndef STDC
  choke me
#endif
  return 0;
}
===
gcc -c -O3 -D_LARGEFILE64_SOURCE=1 ztest3986.c
Checking whether to use vs[n]printf() or s[n]printf()... using vs[n]printf().

=== ztest3986.c ===
#include <stdio.h>
#include <stdarg.h>
int mytest(const char *fmt, ...)
{
  char buf[20];
  va_list ap;
  va_start(ap, fmt);
  vsnprintf(buf, sizeof(buf), fmt, ap);
  va_end(ap);
  return 0;
}
int main()
{
  return (mytest("Hello%d\n", 1));
}
===
gcc -O3 -D_LARGEFILE64_SOURCE=1 -o ztest3986 ztest3986.c
Checking for vsnprintf() in stdio.h... Yes.

=== ztest3986.c ===
#include <stdio.h>
#include <stdarg.h>
int mytest(const char *fmt, ...)
{
  int n;
  char buf[20];
  va_list ap;
  va_start(ap, fmt);
  n = vsnprintf(buf, sizeof(buf), fmt, ap);
  va_end(ap);
  return n;
}
int main()
{
  return (mytest("Hello%d\n", 1));
}
===
gcc -c -O3 -D_LARGEFILE64_SOURCE=1 ztest3986.c
Checking for return value of vsnprintf()... Yes.

=== ztest3986.c ===
#define ZLIB_INTERNAL __attribute__((visibility ("hidden")))
int ZLIB_INTERNAL foo;
int main()
{
  return 0;
}
===
gcc -c -O3 -D_LARGEFILE64_SOURCE=1 ztest3986.c
Checking for attribute(visibility) support... Yes.

ALL = static shared all64
AR = ar
ARFLAGS = rc
CC = gcc
CFLAGS = -O3 -D_LARGEFILE64_SOURCE=1 -DHAVE_HIDDEN
CPP = gcc -E
EXE =
LDCONFIG = ldconfig
LDFLAGS =
LDSHARED = gcc -shared -Wl,-soname,libz.so.1,--version-script,zlib.map
LDSHAREDLIBC = -lc
OBJC = $(OBJZ) $(OBJG)
PIC_OBJC = $(PIC_OBJZ) $(PIC_OBJG)
RANLIB = ranlib
SFLAGS = -O3 -fPIC -D_LARGEFILE64_SOURCE=1 -DHAVE_HIDDEN
SHAREDLIB = libz.so
SHAREDLIBM = libz.so.1
SHAREDLIBV = libz.so.1.2.11
STATICLIB = libz.a
TEST = all teststatic testshared test64
VER = 1.2.11
Z_U4 =
SRCDIR =
exec_prefix = ${prefix}
includedir = ${prefix}/include
libdir = ${exec_prefix}/lib
mandir = ${prefix}/share/man
prefix = /usr/local
sharedlibdir = ${libdir}
uname = Linux
--------------------


--------------------
./configure --help
2025年 06月 10日 星期二 10:44:46 CST
usage:
  configure [--const] [--zprefix] [--prefix=PREFIX]  [--eprefix=EXPREFIX]
    [--static] [--64] [--libdir=LIBDIR] [--sharedlibdir=LIBDIR]
    [--includedir=INCLUDEDIR] [--archs="-arch i386 -arch x86_64"]
--------------------
./configure --static --prefix=/home/duanhuanyu/project/zz/shared_cabinet/android-tools-4.2.2/zlib-1.2.11/../libz
2025年 06月 10日 星期二 10:50:42 CST
=== ztest13933.c ===
extern int getchar();
int hello() {return getchar();}
===
aarch64-linux-musl-gcc -c ztest13933.c
... using gcc

Checking for obsessive-compulsive compiler options...
=== ztest13933.c ===
int foo() { return 0; }
===
aarch64-linux-musl-gcc -c -O3 ztest13933.c

Building static library libz.a version 1.2.11 with aarch64-linux-musl-gcc.

=== ztest13933.c ===
#include <stdio.h>
#include <stdlib.h>
size_t dummy = 0;
===
aarch64-linux-musl-gcc -c -O3 ztest13933.c
Checking for size_t... Yes.


=== ztest13933.c ===
#include <sys/types.h>
off64_t dummy = 0;
===
aarch64-linux-musl-gcc -c -O3 -D_LARGEFILE64_SOURCE=1 ztest13933.c
Checking for off64_t... Yes.
Checking for fseeko... Yes.

=== ztest13933.c ===
#include <string.h>
#include <errno.h>
int main() { return strlen(strerror(errno)); }
===
aarch64-linux-musl-gcc -O3 -D_LARGEFILE64_SOURCE=1 -o ztest13933 ztest13933.c
Checking for strerror... Yes.

=== ztest13933.c ===
#include <unistd.h>
int main() { return 0; }
===
aarch64-linux-musl-gcc -c -O3 -D_LARGEFILE64_SOURCE=1 ztest13933.c
Checking for unistd.h... Yes.

=== ztest13933.c ===
#include <stdarg.h>
int main() { return 0; }
===
aarch64-linux-musl-gcc -c -O3 -D_LARGEFILE64_SOURCE=1 ztest13933.c
Checking for stdarg.h... Yes.

=== ztest13933.c ===
#include <stdio.h>
#include <stdarg.h>
#include "zconf.h"
int main()
{
#ifndef STDC
  choke me
#endif
  return 0;
}
===
aarch64-linux-musl-gcc -c -O3 -D_LARGEFILE64_SOURCE=1 ztest13933.c
Checking whether to use vs[n]printf() or s[n]printf()... using vs[n]printf().

=== ztest13933.c ===
#include <stdio.h>
#include <stdarg.h>
int mytest(const char *fmt, ...)
{
  char buf[20];
  va_list ap;
  va_start(ap, fmt);
  vsnprintf(buf, sizeof(buf), fmt, ap);
  va_end(ap);
  return 0;
}
int main()
{
  return (mytest("Hello%d\n", 1));
}
===
aarch64-linux-musl-gcc -O3 -D_LARGEFILE64_SOURCE=1 -o ztest13933 ztest13933.c
Checking for vsnprintf() in stdio.h... Yes.

=== ztest13933.c ===
#include <stdio.h>
#include <stdarg.h>
int mytest(const char *fmt, ...)
{
  int n;
  char buf[20];
  va_list ap;
  va_start(ap, fmt);
  n = vsnprintf(buf, sizeof(buf), fmt, ap);
  va_end(ap);
  return n;
}
int main()
{
  return (mytest("Hello%d\n", 1));
}
===
aarch64-linux-musl-gcc -c -O3 -D_LARGEFILE64_SOURCE=1 ztest13933.c
Checking for return value of vsnprintf()... Yes.

=== ztest13933.c ===
#define ZLIB_INTERNAL __attribute__((visibility ("hidden")))
int ZLIB_INTERNAL foo;
int main()
{
  return 0;
}
===
aarch64-linux-musl-gcc -c -O3 -D_LARGEFILE64_SOURCE=1 ztest13933.c
Checking for attribute(visibility) support... Yes.

ALL = static all64
AR = ar
ARFLAGS = rc
CC = aarch64-linux-musl-gcc
CFLAGS = -O3 -D_LARGEFILE64_SOURCE=1 -DHAVE_HIDDEN
CPP = aarch64-linux-musl-gcc -E
EXE =
LDCONFIG = ldconfig
LDFLAGS =
LDSHARED = aarch64-linux-musl-gcc
LDSHAREDLIBC = -lc
OBJC = $(OBJZ) $(OBJG)
PIC_OBJC = $(PIC_OBJZ) $(PIC_OBJG)
RANLIB = ranlib
SFLAGS = -O3 -fPIC -D_LARGEFILE64_SOURCE=1 -DHAVE_HIDDEN
SHAREDLIB =
SHAREDLIBM =
SHAREDLIBV =
STATICLIB = libz.a
TEST = all teststatic test64
VER = 1.2.11
Z_U4 =
SRCDIR =
exec_prefix = ${prefix}
includedir = ${prefix}/include
libdir = ${exec_prefix}/lib
mandir = ${prefix}/share/man
prefix = /home/duanhuanyu/project/zz/shared_cabinet/android-tools-4.2.2/zlib-1.2.11/../libz
sharedlibdir = ${libdir}
uname = Linux
--------------------


